<?xml version="1.0" encoding="UTF-8"?>
<testng-results ignored="0" total="3" passed="3" failed="0" skipped="0">
  <reporter-output>
  </reporter-output>
  <suite started-at="2023-04-21T11:04:03 IST" name="All Test Suite" finished-at="2023-04-21T11:04:23 IST" duration-ms="19991">
    <groups>
    </groups>
    <test started-at="2023-04-21T11:04:03 IST" name="test2" finished-at="2023-04-21T11:04:23 IST" duration-ms="19991">
      <class name="org.example.CA4_TEst">
        <test-method is-config="true" signature="setupDriver()[pri:0, instance:org.example.CA4_TEst@7c729a55]" started-at="2023-04-21T11:04:03 IST" name="setupDriver" finished-at="2023-04-21T11:04:08 IST" duration-ms="4903" status="PASS">
          <reporter-output>
          </reporter-output>
        </test-method> <!-- setupDriver -->
        <test-method signature="dropdown()[pri:1, instance:org.example.CA4_TEst@7c729a55]" started-at="2023-04-21T11:04:08 IST" name="dropdown" finished-at="2023-04-21T11:04:14 IST" duration-ms="5333" status="PASS">
          <reporter-output>
          </reporter-output>
        </test-method> <!-- dropdown -->
        <test-method signature="CheckBoxTest()[pri:2, instance:org.example.CA4_TEst@7c729a55]" started-at="2023-04-21T11:04:14 IST" name="CheckBoxTest" finished-at="2023-04-21T11:04:21 IST" duration-ms="7227" status="PASS">
          <reporter-output>
          </reporter-output>
        </test-method> <!-- CheckBoxTest -->
        <test-method signature="RadioBttnTest()[pri:3, instance:org.example.CA4_TEst@7c729a55]" started-at="2023-04-21T11:04:21 IST" name="RadioBttnTest" finished-at="2023-04-21T11:04:23 IST" duration-ms="2097" status="PASS">
          <reporter-output>
          </reporter-output>
        </test-method> <!-- RadioBttnTest -->
        <test-method is-config="true" signature="closeDriver()[pri:0, instance:org.example.CA4_TEst@7c729a55]" started-at="2023-04-21T11:04:23 IST" name="closeDriver" finished-at="2023-04-21T11:04:23 IST" duration-ms="381" status="PASS">
          <reporter-output>
          </reporter-output>
        </test-method> <!-- closeDriver -->
      </class> <!-- org.example.CA4_TEst -->
    </test> <!-- test2 -->
  </suite> <!-- All Test Suite -->
</testng-results>
