<?xml version="1.0" encoding="UTF-8"?>
<!-- Generated by org.testng.reporters.JUnitXMLReporter -->
<testsuite ignored="0" hostname="DESKTOP-IQUBR8Q" failures="0" tests="3" name="test2" time="19.991" errors="0" timestamp="2023-04-21T11:04:23 IST">
  <testcase classname="org.example.CA4_TEst" name="dropdown" time="5.333"/>
  <testcase classname="org.example.CA4_TEst" name="CheckBoxTest" time="7.227"/>
  <testcase classname="org.example.CA4_TEst" name="RadioBttnTest" time="2.097"/>
</testsuite> <!-- test2 -->
